<?xml version="1.0" encoding="UTF-8"?>
<!-- Generated by org.testng.reporters.JUnitReportReporter -->
<testsuite hostname="MaheshGHuddar" failures="0" tests="1" name="testCases.logoandtitle" time="0.102" errors="0" timestamp="2024-10-05T11:22:32 IST" skipped="0">
  <testcase classname="testCases.logoandtitle" name="logotitlecheck" time="0.102"/>
  <system-out/>
</testsuite> <!-- testCases.logoandtitle -->
