<?xml version="1.0" encoding="UTF-8"?>
<!-- Generated by org.testng.reporters.JUnitReportReporter -->
<testsuite hostname="MaheshGHuddar" failures="0" tests="1" name="testCases.T004_Tutorialsubnames" time="0.347" errors="0" timestamp="2024-10-05T11:24:30 IST" skipped="0">
  <testcase classname="testCases.T004_Tutorialsubnames" name="tutorial" time="0.347"/>
  <system-out/>
</testsuite> <!-- testCases.T004_Tutorialsubnames -->
