<?xml version="1.0" encoding="UTF-8"?>
<!-- Generated by org.testng.reporters.JUnitReportReporter -->
<testsuite hostname="MaheshGHuddar" failures="0" tests="1" name="testCases.T003_hoveraction" time="22.197" errors="0" timestamp="2024-10-05T11:22:32 IST" skipped="0">
  <testcase classname="testCases.T003_hoveraction" name="ha" time="22.197"/>
  <system-out/>
</testsuite> <!-- testCases.T003_hoveraction -->
